/home/ubuntu/turtlebot-avai/install/group31_pkg/lib/python3.10/site-packages/src/cluster.py
/home/ubuntu/turtlebot-avai/install/group31_pkg/lib/python3.10/site-packages/src/process_cam_image.py
/home/ubuntu/turtlebot-avai/install/group31_pkg/lib/python3.10/site-packages/src/fuse_sensor_data.py
/home/ubuntu/turtlebot-avai/install/group31_pkg/lib/python3.10/site-packages/src/calibration.py
/home/ubuntu/turtlebot-avai/install/group31_pkg/lib/python3.10/site-packages/src/receive_image.py
/home/ubuntu/turtlebot-avai/install/group31_pkg/lib/python3.10/site-packages/src/utils.py
/home/ubuntu/turtlebot-avai/install/group31_pkg/lib/python3.10/site-packages/src/stop.py
/home/ubuntu/turtlebot-avai/install/group31_pkg/lib/python3.10/site-packages/src/process_data.py
/home/ubuntu/turtlebot-avai/install/group31_pkg/lib/python3.10/site-packages/src/__init__.py
/home/ubuntu/turtlebot-avai/install/group31_pkg/lib/python3.10/site-packages/src/navigation_node.py
/home/ubuntu/turtlebot-avai/install/group31_pkg/lib/python3.10/site-packages/src/__pycache__/cluster.cpython-310.pyc
/home/ubuntu/turtlebot-avai/install/group31_pkg/lib/python3.10/site-packages/src/__pycache__/process_cam_image.cpython-310.pyc
/home/ubuntu/turtlebot-avai/install/group31_pkg/lib/python3.10/site-packages/src/__pycache__/fuse_sensor_data.cpython-310.pyc
/home/ubuntu/turtlebot-avai/install/group31_pkg/lib/python3.10/site-packages/src/__pycache__/calibration.cpython-310.pyc
/home/ubuntu/turtlebot-avai/install/group31_pkg/lib/python3.10/site-packages/src/__pycache__/receive_image.cpython-310.pyc
/home/ubuntu/turtlebot-avai/install/group31_pkg/lib/python3.10/site-packages/src/__pycache__/utils.cpython-310.pyc
/home/ubuntu/turtlebot-avai/install/group31_pkg/lib/python3.10/site-packages/src/__pycache__/stop.cpython-310.pyc
/home/ubuntu/turtlebot-avai/install/group31_pkg/lib/python3.10/site-packages/src/__pycache__/process_data.cpython-310.pyc
/home/ubuntu/turtlebot-avai/install/group31_pkg/lib/python3.10/site-packages/src/__pycache__/__init__.cpython-310.pyc
/home/ubuntu/turtlebot-avai/install/group31_pkg/lib/python3.10/site-packages/src/__pycache__/navigation_node.cpython-310.pyc
/home/ubuntu/turtlebot-avai/install/group31_pkg/share/ament_index/resource_index/packages/group31_pkg
/home/ubuntu/turtlebot-avai/install/group31_pkg/share/group31_pkg/package.xml
/home/ubuntu/turtlebot-avai/install/group31_pkg/lib/python3.10/site-packages/group31_pkg-0.0.0-py3.10.egg-info/entry_points.txt
/home/ubuntu/turtlebot-avai/install/group31_pkg/lib/python3.10/site-packages/group31_pkg-0.0.0-py3.10.egg-info/dependency_links.txt
/home/ubuntu/turtlebot-avai/install/group31_pkg/lib/python3.10/site-packages/group31_pkg-0.0.0-py3.10.egg-info/zip-safe
/home/ubuntu/turtlebot-avai/install/group31_pkg/lib/python3.10/site-packages/group31_pkg-0.0.0-py3.10.egg-info/PKG-INFO
/home/ubuntu/turtlebot-avai/install/group31_pkg/lib/python3.10/site-packages/group31_pkg-0.0.0-py3.10.egg-info/top_level.txt
/home/ubuntu/turtlebot-avai/install/group31_pkg/lib/python3.10/site-packages/group31_pkg-0.0.0-py3.10.egg-info/SOURCES.txt
/home/ubuntu/turtlebot-avai/install/group31_pkg/lib/python3.10/site-packages/group31_pkg-0.0.0-py3.10.egg-info/requires.txt
/home/ubuntu/turtlebot-avai/install/group31_pkg/lib/group31_pkg/my_node
